2025-03-14 13:13:07 error: undefined 
2025-03-14 13:14:18 error: Result is null 
2025-03-14 13:15:28 error: undefined 
2025-03-17 12:07:06 error: Login error 
Invalid `prisma.user.findUnique()` invocation in
d:\node-react-pos\backend\src\controllers\authController.ts:33:40

  30 export const signIn = async(req: Request, res: Response): Promise<void> => {
  31     const { email, password } = req.body;
  32     try {
→ 33         const user = await prisma.user.findUnique(
Database `node_react_pos` does not exist on the database server at `147.93.110.240:35432`. PrismaClientInitializationError: 
Invalid `prisma.user.findUnique()` invocation in
d:\node-react-pos\backend\src\controllers\authController.ts:33:40

  30 export const signIn = async(req: Request, res: Response): Promise<void> => {
  31     const { email, password } = req.body;
  32     try {
→ 33         const user = await prisma.user.findUnique(
Database `node_react_pos` does not exist on the database server at `147.93.110.240:35432`.
    at $n.handleRequestError (D:\node-react-pos\backend\node_modules\@prisma\client\runtime\library.js:121:7615)
    at $n.handleAndLogRequestError (D:\node-react-pos\backend\node_modules\@prisma\client\runtime\library.js:121:6623)
    at $n.request (D:\node-react-pos\backend\node_modules\@prisma\client\runtime\library.js:121:6307)
    at async l (D:\node-react-pos\backend\node_modules\@prisma\client\runtime\library.js:130:9633)
    at signIn (d:\node-react-pos\backend\src\controllers\authController.ts:33:22)
2025-03-17 12:07:16 error: Login error 
Invalid `prisma.user.findUnique()` invocation in
d:\node-react-pos\backend\src\controllers\authController.ts:33:40

  30 export const signIn = async(req: Request, res: Response): Promise<void> => {
  31     const { email, password } = req.body;
  32     try {
→ 33         const user = await prisma.user.findUnique(
Database `node_react_pos` does not exist on the database server at `147.93.110.240:35432`. PrismaClientInitializationError: 
Invalid `prisma.user.findUnique()` invocation in
d:\node-react-pos\backend\src\controllers\authController.ts:33:40

  30 export const signIn = async(req: Request, res: Response): Promise<void> => {
  31     const { email, password } = req.body;
  32     try {
→ 33         const user = await prisma.user.findUnique(
Database `node_react_pos` does not exist on the database server at `147.93.110.240:35432`.
    at $n.handleRequestError (D:\node-react-pos\backend\node_modules\@prisma\client\runtime\library.js:121:7615)
    at $n.handleAndLogRequestError (D:\node-react-pos\backend\node_modules\@prisma\client\runtime\library.js:121:6623)
    at $n.request (D:\node-react-pos\backend\node_modules\@prisma\client\runtime\library.js:121:6307)
    at async l (D:\node-react-pos\backend\node_modules\@prisma\client\runtime\library.js:130:9633)
    at signIn (d:\node-react-pos\backend\src\controllers\authController.ts:33:22)
2025-03-17 12:07:35 error: Create user error 
Invalid `prisma.user.findUnique()` invocation in
d:\node-react-pos\backend\src\controllers\authController.ts:67:48

  64 // Convert local time to UTC
  65 const utcNow = DateTime.now().setZone('Asia/Phnom_Penh').toUTC();
  66 try {
→ 67     const existingUser = await prisma.user.findUnique(
Database `node_react_pos` does not exist on the database server at `147.93.110.240:35432`. PrismaClientInitializationError: 
Invalid `prisma.user.findUnique()` invocation in
d:\node-react-pos\backend\src\controllers\authController.ts:67:48

  64 // Convert local time to UTC
  65 const utcNow = DateTime.now().setZone('Asia/Phnom_Penh').toUTC();
  66 try {
→ 67     const existingUser = await prisma.user.findUnique(
Database `node_react_pos` does not exist on the database server at `147.93.110.240:35432`.
    at $n.handleRequestError (D:\node-react-pos\backend\node_modules\@prisma\client\runtime\library.js:121:7615)
    at $n.handleAndLogRequestError (D:\node-react-pos\backend\node_modules\@prisma\client\runtime\library.js:121:6623)
    at $n.request (D:\node-react-pos\backend\node_modules\@prisma\client\runtime\library.js:121:6307)
    at async l (D:\node-react-pos\backend\node_modules\@prisma\client\runtime\library.js:130:9633)
    at signUpUser (d:\node-react-pos\backend\src\controllers\authController.ts:67:30)
2025-03-17 12:07:45 error: Create user error 
Invalid `prisma.user.findUnique()` invocation in
d:\node-react-pos\backend\src\controllers\authController.ts:67:48

  64 // Convert local time to UTC
  65 const utcNow = DateTime.now().setZone('Asia/Phnom_Penh').toUTC();
  66 try {
→ 67     const existingUser = await prisma.user.findUnique(
Database `node_react_pos` does not exist on the database server at `147.93.110.240:35432`. PrismaClientInitializationError: 
Invalid `prisma.user.findUnique()` invocation in
d:\node-react-pos\backend\src\controllers\authController.ts:67:48

  64 // Convert local time to UTC
  65 const utcNow = DateTime.now().setZone('Asia/Phnom_Penh').toUTC();
  66 try {
→ 67     const existingUser = await prisma.user.findUnique(
Database `node_react_pos` does not exist on the database server at `147.93.110.240:35432`.
    at $n.handleRequestError (D:\node-react-pos\backend\node_modules\@prisma\client\runtime\library.js:121:7615)
    at $n.handleAndLogRequestError (D:\node-react-pos\backend\node_modules\@prisma\client\runtime\library.js:121:6623)
    at $n.request (D:\node-react-pos\backend\node_modules\@prisma\client\runtime\library.js:121:6307)
    at async l (D:\node-react-pos\backend\node_modules\@prisma\client\runtime\library.js:130:9633)
    at signUpUser (d:\node-react-pos\backend\src\controllers\authController.ts:67:30)
2025-03-17 12:07:51 error: Create user error 
Invalid `prisma.user.findUnique()` invocation in
d:\node-react-pos\backend\src\controllers\authController.ts:67:48

  64 // Convert local time to UTC
  65 const utcNow = DateTime.now().setZone('Asia/Phnom_Penh').toUTC();
  66 try {
→ 67     const existingUser = await prisma.user.findUnique(
Database `node_react_pos` does not exist on the database server at `147.93.110.240:35432`. PrismaClientInitializationError: 
Invalid `prisma.user.findUnique()` invocation in
d:\node-react-pos\backend\src\controllers\authController.ts:67:48

  64 // Convert local time to UTC
  65 const utcNow = DateTime.now().setZone('Asia/Phnom_Penh').toUTC();
  66 try {
→ 67     const existingUser = await prisma.user.findUnique(
Database `node_react_pos` does not exist on the database server at `147.93.110.240:35432`.
    at $n.handleRequestError (D:\node-react-pos\backend\node_modules\@prisma\client\runtime\library.js:121:7615)
    at $n.handleAndLogRequestError (D:\node-react-pos\backend\node_modules\@prisma\client\runtime\library.js:121:6623)
    at $n.request (D:\node-react-pos\backend\node_modules\@prisma\client\runtime\library.js:121:6307)
    at async l (D:\node-react-pos\backend\node_modules\@prisma\client\runtime\library.js:130:9633)
    at signUpUser (d:\node-react-pos\backend\src\controllers\authController.ts:67:30)
2025-03-17 12:07:59 error: Create user error 
Invalid `prisma.user.findUnique()` invocation in
d:\node-react-pos\backend\src\controllers\authController.ts:67:48

  64 // Convert local time to UTC
  65 const utcNow = DateTime.now().setZone('Asia/Phnom_Penh').toUTC();
  66 try {
→ 67     const existingUser = await prisma.user.findUnique(
Database `node_react_pos` does not exist on the database server at `147.93.110.240:35432`. PrismaClientInitializationError: 
Invalid `prisma.user.findUnique()` invocation in
d:\node-react-pos\backend\src\controllers\authController.ts:67:48

  64 // Convert local time to UTC
  65 const utcNow = DateTime.now().setZone('Asia/Phnom_Penh').toUTC();
  66 try {
→ 67     const existingUser = await prisma.user.findUnique(
Database `node_react_pos` does not exist on the database server at `147.93.110.240:35432`.
    at $n.handleRequestError (D:\node-react-pos\backend\node_modules\@prisma\client\runtime\library.js:121:7615)
    at $n.handleAndLogRequestError (D:\node-react-pos\backend\node_modules\@prisma\client\runtime\library.js:121:6623)
    at $n.request (D:\node-react-pos\backend\node_modules\@prisma\client\runtime\library.js:121:6307)
    at async l (D:\node-react-pos\backend\node_modules\@prisma\client\runtime\library.js:130:9633)
    at signUpUser (d:\node-react-pos\backend\src\controllers\authController.ts:67:30)
2025-03-17 12:08:06 error: Create user error 
Invalid `prisma.user.findUnique()` invocation in
d:\node-react-pos\backend\src\controllers\authController.ts:67:48

  64 // Convert local time to UTC
  65 const utcNow = DateTime.now().setZone('Asia/Phnom_Penh').toUTC();
  66 try {
→ 67     const existingUser = await prisma.user.findUnique(
Database `node_react_pos` does not exist on the database server at `147.93.110.240:35432`. PrismaClientInitializationError: 
Invalid `prisma.user.findUnique()` invocation in
d:\node-react-pos\backend\src\controllers\authController.ts:67:48

  64 // Convert local time to UTC
  65 const utcNow = DateTime.now().setZone('Asia/Phnom_Penh').toUTC();
  66 try {
→ 67     const existingUser = await prisma.user.findUnique(
Database `node_react_pos` does not exist on the database server at `147.93.110.240:35432`.
    at $n.handleRequestError (D:\node-react-pos\backend\node_modules\@prisma\client\runtime\library.js:121:7615)
    at $n.handleAndLogRequestError (D:\node-react-pos\backend\node_modules\@prisma\client\runtime\library.js:121:6623)
    at $n.request (D:\node-react-pos\backend\node_modules\@prisma\client\runtime\library.js:121:6307)
    at async l (D:\node-react-pos\backend\node_modules\@prisma\client\runtime\library.js:130:9633)
    at signUpUser (d:\node-react-pos\backend\src\controllers\authController.ts:67:30)
2025-03-17 12:09:33 error: Login error 
Invalid `prisma.user.findUnique()` invocation in
d:\node-react-pos\backend\src\controllers\authController.ts:33:40

  30 export const signIn = async(req: Request, res: Response): Promise<void> => {
  31     const { email, password } = req.body;
  32     try {
→ 33         const user = await prisma.user.findUnique(
Database `node_react_pos` does not exist on the database server at `147.93.110.240:35432`. PrismaClientInitializationError: 
Invalid `prisma.user.findUnique()` invocation in
d:\node-react-pos\backend\src\controllers\authController.ts:33:40

  30 export const signIn = async(req: Request, res: Response): Promise<void> => {
  31     const { email, password } = req.body;
  32     try {
→ 33         const user = await prisma.user.findUnique(
Database `node_react_pos` does not exist on the database server at `147.93.110.240:35432`.
    at $n.handleRequestError (D:\node-react-pos\backend\node_modules\@prisma\client\runtime\library.js:121:7615)
    at $n.handleAndLogRequestError (D:\node-react-pos\backend\node_modules\@prisma\client\runtime\library.js:121:6623)
    at $n.request (D:\node-react-pos\backend\node_modules\@prisma\client\runtime\library.js:121:6307)
    at async l (D:\node-react-pos\backend\node_modules\@prisma\client\runtime\library.js:130:9633)
    at signIn (d:\node-react-pos\backend\src\controllers\authController.ts:33:22)
2025-03-17 12:11:55 error: Login error 
Invalid `prisma.user.findUnique()` invocation in
d:\node-react-pos\backend\src\controllers\authController.ts:33:40

  30 export const signIn = async(req: Request, res: Response): Promise<void> => {
  31     const { email, password } = req.body;
  32     try {
→ 33         const user = await prisma.user.findUnique(
Database `node_react_pos` does not exist on the database server at `147.93.110.240:35432`. PrismaClientInitializationError: 
Invalid `prisma.user.findUnique()` invocation in
d:\node-react-pos\backend\src\controllers\authController.ts:33:40

  30 export const signIn = async(req: Request, res: Response): Promise<void> => {
  31     const { email, password } = req.body;
  32     try {
→ 33         const user = await prisma.user.findUnique(
Database `node_react_pos` does not exist on the database server at `147.93.110.240:35432`.
    at $n.handleRequestError (D:\node-react-pos\backend\node_modules\@prisma\client\runtime\library.js:121:7615)
    at $n.handleAndLogRequestError (D:\node-react-pos\backend\node_modules\@prisma\client\runtime\library.js:121:6623)
    at $n.request (D:\node-react-pos\backend\node_modules\@prisma\client\runtime\library.js:121:6307)
    at async l (D:\node-react-pos\backend\node_modules\@prisma\client\runtime\library.js:130:9633)
    at signIn (d:\node-react-pos\backend\src\controllers\authController.ts:33:22)
